ifpi-projeto-final/build/app/intermediates/manifest_merge_blame_file/debug/manifest-merger-blame-debug-report.txt
1<?xml version="1.0" encoding="utf-8"?>
2<manifest xmlns:android="http://schemas.android.com/apk/res/android"
3    package="br.com.gabrielhiago95.Contact"
4    android:versionCode="1"
5    android:versionName="1.0.0" >
6
7    <uses-sdk
8        android:minSdkVersion="20"
9        android:targetSdkVersion="33" />
10    <!--
11         The INTERNET permission is required for development. Specifically,
12         the Flutter tool needs it to communicate with the running application
13         to allow setting breakpoints, to provide hot reload, etc.
14    -->
15    <uses-permission android:name="android.permission.INTERNET" />
15-->src\debug\AndroidManifest.xml:7:5-66
15-->src\debug\AndroidManifest.xml:7:22-64
16    <uses-permission android:name="android.permission.FOREGROUND_SERVICE" /> <!-- Although the *SdkVersion is captured in gradle build files, this is required for non gradle builds -->
16-->[:geolocator_android] AndroidManifest.xml:9:5-77
16-->[:geolocator_android] AndroidManifest.xml:9:22-74
17    <!-- <uses-sdk android:minSdkVersion="14" /> -->
18    <uses-permission android:name="android.permission.ACCESS_NETWORK_STATE" />
18-->[com.google.firebase:firebase-firestore:24.6.0] AndroidManifest.xml:12:5-79
18-->[com.google.firebase:firebase-firestore:24.6.0] AndroidManifest.xml:12:22-76
19
20    <uses-feature
20-->[com.google.android.gms:play-services-maps:18.1.0] AndroidManifest.xml:26:5-28:35
21        android:glEsVersion="0x00020000"
21-->[com.google.android.gms:play-services-maps:18.1.0] AndroidManifest.xml:27:9-41
22        android:required="true" />
22-->[com.google.android.gms:play-services-maps:18.1.0] AndroidManifest.xml:28:9-32
23
24    <queries>
24-->[com.google.android.gms:play-services-maps:18.1.0] AndroidManifest.xml:30:5-34:15
25
26        <!-- Needs to be explicitly declared on Android R+ -->
27        <package android:name="com.google.android.apps.maps" />
27-->[com.google.android.gms:play-services-maps:18.1.0] AndroidManifest.xml:33:9-64
27-->[com.google.android.gms:play-services-maps:18.1.0] AndroidManifest.xml:33:18-61
28    </queries>
29
30    <permission
30-->[androidx.core:core:1.9.0] AndroidManifest.xml:22:5-24:47
31        android:name="br.com.gabrielhiago95.Contact.DYNAMIC_RECEIVER_NOT_EXPORTED_PERMISSION"
31-->[androidx.core:core:1.9.0] AndroidManifest.xml:23:9-81
32        android:protectionLevel="signature" />
32-->[androidx.core:core:1.9.0] AndroidManifest.xml:24:9-44
33
34    <uses-permission android:name="br.com.gabrielhiago95.Contact.DYNAMIC_RECEIVER_NOT_EXPORTED_PERMISSION" />
34-->[androidx.core:core:1.9.0] AndroidManifest.xml:26:5-97
34-->[androidx.core:core:1.9.0] AndroidManifest.xml:26:22-94
35
36    <application
37        android:name="android.app.Application"
38        android:appComponentFactory="androidx.core.app.CoreComponentFactory"
38-->[androidx.core:core:1.9.0] AndroidManifest.xml:28:18-86
39        android:debuggable="true"
40        android:icon="@mipmap/launcher_icon"
41        android:label="Contact" >
42        <activity
43            android:name="com.example.projeto_final.MainActivity"
44            android:configChanges="orientation|keyboardHidden|keyboard|screenSize|smallestScreenSize|locale|layoutDirection|fontScale|screenLayout|density|uiMode"
45            android:exported="true"
46            android:hardwareAccelerated="true"
47            android:launchMode="singleTop"
48            android:theme="@style/LaunchTheme"
49            android:windowSoftInputMode="adjustResize" >
50
51            <!--
52                 Specifies an Android theme to apply to this Activity as soon as
53                 the Android process has started. This theme is visible to the user
54                 while the Flutter UI initializes. After that, this theme continues
55                 to determine the Window background behind the Flutter UI.
56            -->
57            <meta-data
58                android:name="io.flutter.embedding.android.NormalTheme"
59                android:resource="@style/NormalTheme" />
60
61            <intent-filter>
62                <action android:name="android.intent.action.MAIN" />
63
64                <category android:name="android.intent.category.LAUNCHER" />
65            </intent-filter>
66        </activity>
67        <!--
68             Don't delete the meta-data below.
69             This is used by the Flutter tool to generate GeneratedPluginRegistrant.java
70        -->
71        <meta-data
72            android:name="flutterEmbedding"
73            android:value="2" />
74        <meta-data
75            android:name="com.google.android.geo.API_KEY"
76            android:value="AIzaSyDWBXlQMBSlODm2c9L-t_gfbRVubDyCSY8" />
77
78        <service
78-->[:cloud_firestore] AndroidManifest.xml:10:9-14:19
79            android:name="com.google.firebase.components.ComponentDiscoveryService"
79-->[:cloud_firestore] AndroidManifest.xml:10:18-89
80            android:directBootAware="true"
80-->[com.google.firebase:firebase-common:20.3.2] AndroidManifest.xml:34:13-43
81            android:exported="false" >
81-->[com.google.firebase:firebase-firestore:24.6.0] AndroidManifest.xml:18:13-37
82            <meta-data
82-->[:cloud_firestore] AndroidManifest.xml:11:13-13:85
83                android:name="com.google.firebase.components:io.flutter.plugins.firebase.firestore.FlutterFirebaseFirestoreRegistrar"
83-->[:cloud_firestore] AndroidManifest.xml:12:17-134
84                android:value="com.google.firebase.components.ComponentRegistrar" />
84-->[:cloud_firestore] AndroidManifest.xml:13:17-82
85            <meta-data
85-->[:firebase_core] AndroidManifest.xml:11:13-13:85
86                android:name="com.google.firebase.components:io.flutter.plugins.firebase.core.FlutterFirebaseCoreRegistrar"
86-->[:firebase_core] AndroidManifest.xml:12:17-124
87                android:value="com.google.firebase.components.ComponentRegistrar" />
87-->[:firebase_core] AndroidManifest.xml:13:17-82
88            <meta-data
88-->[com.google.firebase:firebase-firestore:24.6.0] AndroidManifest.xml:19:13-21:85
89                android:name="com.google.firebase.components:com.google.firebase.firestore.FirestoreRegistrar"
89-->[com.google.firebase:firebase-firestore:24.6.0] AndroidManifest.xml:20:17-111
90                android:value="com.google.firebase.components.ComponentRegistrar" />
90-->[com.google.firebase:firebase-firestore:24.6.0] AndroidManifest.xml:21:17-82
91        </service>
92        <service
92-->[:geolocator_android] AndroidManifest.xml:12:9-16:56
93            android:name="com.baseflow.geolocator.GeolocatorLocationService"
93-->[:geolocator_android] AndroidManifest.xml:13:13-77
94            android:enabled="true"
94-->[:geolocator_android] AndroidManifest.xml:14:13-35
95            android:exported="false"
95-->[:geolocator_android] AndroidManifest.xml:15:13-37
96            android:foregroundServiceType="location" />
96-->[:geolocator_android] AndroidManifest.xml:16:13-53
97
98        <uses-library
98-->[androidx.window:window:1.0.0-beta04] AndroidManifest.xml:25:9-27:40
99            android:name="androidx.window.extensions"
99-->[androidx.window:window:1.0.0-beta04] AndroidManifest.xml:26:13-54
100            android:required="false" />
100-->[androidx.window:window:1.0.0-beta04] AndroidManifest.xml:27:13-37
101        <uses-library
101-->[androidx.window:window:1.0.0-beta04] AndroidManifest.xml:28:9-30:40
102            android:name="androidx.window.sidecar"
102-->[androidx.window:window:1.0.0-beta04] AndroidManifest.xml:29:13-51
103            android:required="false" />
103-->[androidx.window:window:1.0.0-beta04] AndroidManifest.xml:30:13-37
104
105        <provider
105-->[com.google.firebase:firebase-common:20.3.2] AndroidManifest.xml:25:9-30:39
106            android:name="com.google.firebase.provider.FirebaseInitProvider"
106-->[com.google.firebase:firebase-common:20.3.2] AndroidManifest.xml:26:13-77
107            android:authorities="br.com.gabrielhiago95.Contact.firebaseinitprovider"
107-->[com.google.firebase:firebase-common:20.3.2] AndroidManifest.xml:27:13-72
108            android:directBootAware="true"
108-->[com.google.firebase:firebase-common:20.3.2] AndroidManifest.xml:28:13-43
109            android:exported="false"
109-->[com.google.firebase:firebase-common:20.3.2] AndroidManifest.xml:29:13-37
110            android:initOrder="100" /> <!-- Needs to be explicitly declared on P+ -->
110-->[com.google.firebase:firebase-common:20.3.2] AndroidManifest.xml:30:13-36
111        <uses-library
111-->[com.google.android.gms:play-services-maps:18.1.0] AndroidManifest.xml:39:9-41:40
112            android:name="org.apache.http.legacy"
112-->[com.google.android.gms:play-services-maps:18.1.0] AndroidManifest.xml:40:13-50
113            android:required="false" />
113-->[com.google.android.gms:play-services-maps:18.1.0] AndroidManifest.xml:41:13-37
114
115        <activity
115-->[com.google.android.gms:play-services-base:18.1.0] AndroidManifest.xml:20:9-22:45
116            android:name="com.google.android.gms.common.api.GoogleApiActivity"
116-->[com.google.android.gms:play-services-base:18.1.0] AndroidManifest.xml:20:19-85
117            android:exported="false"
117-->[com.google.android.gms:play-services-base:18.1.0] AndroidManifest.xml:22:19-43
118            android:theme="@android:style/Theme.Translucent.NoTitleBar" />
118-->[com.google.android.gms:play-services-base:18.1.0] AndroidManifest.xml:21:19-78
119
120        <meta-data
120-->[com.google.android.gms:play-services-basement:18.1.0] AndroidManifest.xml:21:9-23:69
121            android:name="com.google.android.gms.version"
121-->[com.google.android.gms:play-services-basement:18.1.0] AndroidManifest.xml:22:13-58
122            android:value="@integer/google_play_services_version" />
122-->[com.google.android.gms:play-services-basement:18.1.0] AndroidManifest.xml:23:13-66
123    </application>
124
125</manifest>